TN:
SF:src/modules/review/badge.service.js
FN:3,computeBadgeFromReviewCount
FNF:1
FNH:1
FNDA:9,computeBadgeFromReviewCount
DA:4,9
DA:5,7
DA:6,5
DA:7,3
DA:8,1
DA:11,3
LF:6
LH:6
BRDA:4,0,0,2
BRDA:4,0,1,7
BRDA:5,1,0,2
BRDA:5,1,1,5
BRDA:6,2,0,2
BRDA:6,2,1,3
BRDA:7,3,0,2
BRDA:7,3,1,1
BRF:8
BRH:8
end_of_record
TN:
SF:src/modules/review/reputation.service.js
FN:8,(anonymous_0)
FNF:1
FNH:1
FNDA:3,(anonymous_0)
DA:3,4
DA:4,4
DA:5,4
DA:9,3
DA:10,1
DA:13,2
DA:15,2
DA:56,2
DA:58,2
DA:59,2
DA:61,2
DA:63,2
DA:71,2
DA:79,4
LF:14
LH:14
BRDA:9,0,0,1
BRDA:9,0,1,2
BRDA:56,1,0,1
BRDA:56,1,1,1
BRDA:56,2,0,2
BRDA:56,2,1,2
BRDA:58,3,0,1
BRDA:58,3,1,1
BRDA:61,4,0,1
BRDA:61,4,1,1
BRDA:64,5,0,0
BRDA:64,5,1,2
BRDA:65,6,0,1
BRDA:65,6,1,1
BRDA:66,7,0,1
BRDA:66,7,1,1
BRDA:67,8,0,1
BRDA:67,8,1,1
BRDA:68,9,0,1
BRDA:68,9,1,1
BRF:20
BRH:19
end_of_record
TN:
SF:src/modules/review/review.controller.js
FN:7,(anonymous_0)
FN:11,(anonymous_1)
FN:28,(anonymous_2)
FN:40,(anonymous_3)
FN:52,(anonymous_4)
FN:64,(anonymous_5)
FN:74,(anonymous_6)
FN:91,(anonymous_7)
FNF:8
FNH:8
FNDA:9,(anonymous_0)
FNDA:1,(anonymous_1)
FNDA:2,(anonymous_2)
FNDA:1,(anonymous_3)
FNDA:1,(anonymous_4)
FNDA:1,(anonymous_5)
FNDA:1,(anonymous_6)
FNDA:1,(anonymous_7)
DA:3,2
DA:4,2
DA:8,9
DA:11,9
DA:12,1
DA:13,1
DA:15,1
DA:21,1
DA:28,9
DA:29,2
DA:31,2
DA:33,1
DA:40,9
DA:41,1
DA:43,1
DA:45,1
DA:52,9
DA:53,1
DA:55,1
DA:57,1
DA:64,9
DA:65,1
DA:67,1
DA:74,9
DA:75,1
DA:76,1
DA:77,1
DA:79,1
DA:84,1
DA:91,9
DA:92,1
DA:93,1
DA:95,1
DA:97,1
DA:105,2
LF:35
LH:35
BRF:0
BRH:0
end_of_record
TN:
SF:src/modules/review/review.module.js
FNF:0
FNH:0
DA:3,1
DA:4,1
DA:5,1
DA:7,1
DA:8,1
DA:9,1
DA:11,1
LF:7
LH:7
BRF:0
BRH:0
end_of_record
TN:
SF:src/modules/review/review.repository.js
FN:6,(anonymous_0)
FN:10,(anonymous_1)
FN:14,(anonymous_2)
FN:18,(anonymous_3)
FN:22,(anonymous_4)
FN:26,(anonymous_5)
FN:30,(anonymous_6)
FN:34,(anonymous_7)
FNF:8
FNH:8
FNDA:1,(anonymous_0)
FNDA:1,(anonymous_1)
FNDA:1,(anonymous_2)
FNDA:1,(anonymous_3)
FNDA:1,(anonymous_4)
FNDA:1,(anonymous_5)
FNDA:1,(anonymous_6)
FNDA:1,(anonymous_7)
DA:3,3
DA:7,1
DA:11,1
DA:15,1
DA:19,1
DA:23,1
DA:27,1
DA:31,1
DA:35,1
DA:42,3
LF:10
LH:10
BRF:0
BRH:0
end_of_record
TN:
SF:src/modules/review/review.routes.js
FNF:0
FNH:0
DA:3,1
DA:4,1
DA:5,1
DA:6,1
DA:8,1
DA:10,1
DA:11,1
DA:12,1
DA:15,1
DA:16,1
DA:17,1
DA:20,1
DA:21,1
DA:22,1
DA:23,1
DA:25,1
LF:16
LH:16
BRF:0
BRH:0
end_of_record
TN:
SF:src/modules/review/review.service.js
FN:18,(anonymous_0)
FN:23,(anonymous_1)
FN:29,(anonymous_2)
FN:35,(anonymous_3)
FN:46,(anonymous_4)
FN:62,(anonymous_5)
FN:167,(anonymous_6)
FN:176,(anonymous_7)
FN:181,(anonymous_8)
FN:193,(anonymous_9)
FN:251,(anonymous_10)
FN:303,(anonymous_11)
FN:309,(anonymous_12)
FN:323,(anonymous_13)
FN:340,(anonymous_14)
FN:342,(anonymous_15)
FN:355,(anonymous_16)
FN:356,(anonymous_17)
FN:360,(anonymous_18)
FN:375,(anonymous_19)
FN:380,(anonymous_20)
FN:413,(anonymous_21)
FN:418,(anonymous_22)
FN:422,(anonymous_23)
FN:432,(anonymous_24)
FNF:25
FNH:24
FNDA:31,(anonymous_0)
FNDA:19,(anonymous_1)
FNDA:14,(anonymous_2)
FNDA:13,(anonymous_3)
FNDA:13,(anonymous_4)
FNDA:9,(anonymous_5)
FNDA:2,(anonymous_6)
FNDA:1,(anonymous_7)
FNDA:3,(anonymous_8)
FNDA:3,(anonymous_9)
FNDA:4,(anonymous_10)
FNDA:1,(anonymous_11)
FNDA:2,(anonymous_12)
FNDA:1,(anonymous_13)
FNDA:2,(anonymous_14)
FNDA:2,(anonymous_15)
FNDA:2,(anonymous_16)
FNDA:1,(anonymous_17)
FNDA:2,(anonymous_18)
FNDA:1,(anonymous_19)
FNDA:4,(anonymous_20)
FNDA:1,(anonymous_21)
FNDA:0,(anonymous_22)
FNDA:1,(anonymous_23)
FNDA:1,(anonymous_24)
DA:3,3
DA:4,3
DA:5,3
DA:6,3
DA:7,3
DA:8,3
DA:9,3
DA:10,3
DA:15,3
DA:19,31
DA:20,31
DA:24,19
DA:25,1
DA:30,14
DA:31,2
DA:36,13
DA:37,6
DA:38,1
DA:40,5
DA:41,1
DA:47,13
DA:49,12
DA:50,7
DA:53,5
DA:54,5
DA:55,1
DA:59,4
DA:63,9
DA:64,1
DA:67,8
DA:68,8
DA:69,8
DA:71,8
DA:72,8
DA:73,1
DA:76,7
DA:77,1
DA:82,6
DA:83,1
DA:86,5
DA:87,5
DA:88,2
DA:89,1
DA:92,1
DA:100,1
DA:102,1
DA:105,1
DA:106,0
DA:107,0
DA:108,0
DA:109,0
DA:110,0
DA:112,0
DA:113,0
DA:122,1
DA:125,3
DA:126,3
DA:136,2
DA:138,2
DA:141,2
DA:142,1
DA:143,1
DA:144,1
DA:145,1
DA:146,1
DA:148,1
DA:149,1
DA:158,2
DA:160,1
DA:161,1
DA:163,0
DA:168,2
DA:169,2
DA:170,2
DA:171,1
DA:173,1
DA:177,1
DA:178,1
DA:182,3
DA:183,3
DA:184,1
DA:187,2
DA:188,1
DA:190,1
DA:194,3
DA:195,3
DA:196,2
DA:198,3
DA:199,2
DA:202,3
DA:203,3
DA:204,0
DA:207,3
DA:208,1
DA:211,2
DA:213,2
DA:219,2
DA:220,2
DA:221,0
DA:224,2
DA:225,1
DA:227,1
DA:230,1
DA:231,0
DA:232,0
DA:233,0
DA:234,0
DA:235,0
DA:237,0
DA:238,0
DA:248,2
DA:252,4
DA:254,4
DA:255,4
DA:256,1
DA:259,3
DA:260,3
DA:261,0
DA:264,3
DA:265,3
DA:267,3
DA:268,1
DA:271,2
DA:276,2
DA:277,2
DA:279,2
DA:282,2
DA:283,0
DA:284,0
DA:285,0
DA:286,0
DA:287,0
DA:289,0
DA:290,0
DA:300,2
DA:305,1
DA:308,1
DA:310,2
DA:311,2
DA:312,2
DA:323,1
DA:327,1
DA:328,1
DA:329,1
DA:331,1
DA:335,1
DA:340,2
DA:341,1
DA:343,2
DA:344,2
DA:345,2
DA:346,2
DA:355,2
DA:356,1
DA:359,1
DA:361,2
DA:364,2
DA:365,2
DA:375,1
DA:378,1
DA:379,1
DA:380,1
DA:381,4
DA:382,4
DA:389,4
DA:390,4
DA:393,1
DA:394,1
DA:395,1
DA:397,1
DA:398,1
DA:399,1
DA:400,1
DA:404,1
DA:408,1
DA:409,1
DA:412,1
DA:413,1
DA:418,0
DA:421,1
DA:423,1
DA:424,1
DA:425,1
DA:432,1
DA:434,1
DA:443,3
LF:186
LH:160
BRDA:18,0,0,2
BRDA:24,1,0,1
BRDA:24,1,1,18
BRDA:30,2,0,2
BRDA:30,2,1,12
BRDA:30,3,0,14
BRDA:30,3,1,13
BRDA:30,3,2,12
BRDA:36,4,0,6
BRDA:36,4,1,7
BRDA:36,5,0,13
BRDA:36,5,1,6
BRDA:37,6,0,1
BRDA:37,6,1,5
BRDA:40,7,0,1
BRDA:40,7,1,4
BRDA:47,8,0,1
BRDA:47,8,1,12
BRDA:49,9,0,7
BRDA:49,9,1,5
BRDA:54,10,0,1
BRDA:54,10,1,4
BRDA:63,11,0,1
BRDA:63,11,1,8
BRDA:72,12,0,1
BRDA:72,12,1,7
BRDA:76,13,0,1
BRDA:76,13,1,6
BRDA:82,14,0,1
BRDA:82,14,1,5
BRDA:87,15,0,2
BRDA:87,15,1,3
BRDA:88,16,0,1
BRDA:88,16,1,1
BRDA:105,17,0,0
BRDA:105,17,1,1
BRDA:106,18,0,0
BRDA:106,18,1,0
BRDA:107,19,0,0
BRDA:107,19,1,0
BRDA:112,20,0,0
BRDA:112,20,1,0
BRDA:141,21,0,1
BRDA:141,21,1,1
BRDA:142,22,0,1
BRDA:142,22,1,0
BRDA:143,23,0,1
BRDA:143,23,1,0
BRDA:148,24,0,1
BRDA:148,24,1,0
BRDA:160,25,0,1
BRDA:160,25,1,0
BRDA:160,26,0,1
BRDA:160,26,1,1
BRDA:170,27,0,1
BRDA:170,27,1,1
BRDA:183,28,0,1
BRDA:183,28,1,2
BRDA:187,29,0,1
BRDA:187,29,1,1
BRDA:195,30,0,2
BRDA:195,30,1,1
BRDA:198,31,0,2
BRDA:198,31,1,1
BRDA:203,32,0,0
BRDA:203,32,1,3
BRDA:207,33,0,1
BRDA:207,33,1,2
BRDA:215,34,0,1
BRDA:215,34,1,1
BRDA:216,35,0,2
BRDA:216,35,1,0
BRDA:220,36,0,0
BRDA:220,36,1,2
BRDA:224,37,0,1
BRDA:224,37,1,1
BRDA:224,38,0,2
BRDA:224,38,1,1
BRDA:230,39,0,0
BRDA:230,39,1,1
BRDA:231,40,0,0
BRDA:231,40,1,0
BRDA:232,41,0,0
BRDA:232,41,1,0
BRDA:237,42,0,0
BRDA:237,42,1,0
BRDA:255,43,0,1
BRDA:255,43,1,3
BRDA:260,44,0,0
BRDA:260,44,1,3
BRDA:267,45,0,1
BRDA:267,45,1,2
BRDA:267,46,0,3
BRDA:267,46,1,2
BRDA:276,47,0,2
BRDA:276,47,1,0
BRDA:282,48,0,0
BRDA:282,48,1,2
BRDA:283,49,0,0
BRDA:283,49,1,0
BRDA:284,50,0,0
BRDA:284,50,1,0
BRDA:289,51,0,0
BRDA:289,51,1,0
BRDA:310,52,0,2
BRDA:310,52,1,0
BRDA:311,53,0,2
BRDA:311,53,1,0
BRDA:318,54,0,2
BRDA:318,54,1,2
BRDA:319,55,0,2
BRDA:319,55,1,2
BRDA:323,56,0,1
BRDA:323,56,1,0
BRDA:344,57,0,2
BRDA:344,57,1,0
BRDA:345,58,0,2
BRDA:345,58,1,0
BRDA:351,59,0,2
BRDA:351,59,1,0
BRDA:352,60,0,2
BRDA:352,60,1,0
BRDA:356,61,0,1
BRDA:356,61,1,0
BRDA:364,62,0,0
BRDA:364,62,1,2
BRDA:370,63,0,2
BRDA:370,63,1,0
BRDA:371,64,0,2
BRDA:371,64,1,0
BRDA:372,65,0,2
BRDA:372,65,1,0
BRDA:380,66,0,0
BRDA:382,67,0,4
BRDA:382,67,1,1
BRDA:394,68,0,1
BRDA:394,68,1,0
BRDA:395,69,0,1
BRDA:395,69,1,0
BRDA:397,70,0,1
BRDA:397,70,1,0
BRDA:398,71,0,0
BRDA:398,71,1,1
BRDA:400,72,0,1
BRDA:400,72,1,0
BRDA:409,73,0,1
BRDA:409,73,1,0
BRDA:424,74,0,0
BRDA:424,74,1,1
BRDA:424,75,0,1
BRDA:424,75,1,1
BRF:151
BRH:101
end_of_record
